2024-09-20 03:00:49.006041 (16723) main____ INFO    ----------------------------------------
2024-09-20 03:00:49.006132 (16723) main____ INFO    Jasper version info
2024-09-20 03:00:49.006147 (16723) main____ INFO      tool      : Jasper 2023.12
2024-09-20 03:00:49.006159 (16723) main____ INFO      version   : 2023.12p001 64 bits
2024-09-20 03:00:49.006170 (16723) main____ INFO      build date: 2024.01.23 16:09:24 UTC
2024-09-20 03:00:49.006177 (16723) main____ INFO    ----------------------------------------
2024-09-20 03:00:49.006184 (16723) main____ INFO    Runtime info:
2024-09-20 03:00:49.006193 (16723) main____ INFO      platform  : Linux 3.10.0-1160.119.1.el7.x86_64 x86_64
2024-09-20 03:00:49.006210 (16723) main____ INFO      hostname  : cadence7
2024-09-20 03:00:49.006224 (16723) main____ INFO      pid       : 16723
2024-09-20 03:00:49.006233 (16723) main____ INFO      arguments : '-style' 'windows' '-no_gui' 'VX_fetch_full.tcl' '-cov' '-proj' 'a4'
2024-09-20 03:00:49.006247 (16723) main____ INFO      locale    : ANSI_X3.4-1968
2024-09-20 03:00:49.006255 (16723) main____ INFO    ----------------------------------------
2024-09-20 03:00:49.006262 (16723) main____ INFO    System resource limits info:
2024-09-20 03:00:49.006272 (16723) main____ INFO      virtual memory: unlimited
2024-09-20 03:00:49.006282 (16723) main____ INFO      cpu time      : unlimited
2024-09-20 03:00:49.006297 (16723) main____ INFO      processes     : 4096
2024-09-20 03:00:49.006324 (16723) main____ INFO      stack size    : 8388608 B
2024-09-20 03:00:49.006351 (16723) main____ INFO      core file size: 0 B
2024-09-20 03:00:49.006361 (16723) main____ INFO      open files    : 1024
2024-09-20 03:00:49.006371 (16723) main____ INFO      file size     : unlimited
2024-09-20 03:00:49.006378 (16723) main____ INFO    ----------------------------------------
2024-09-20 03:00:49.006385 (16723) main____ INFO    Memory statistics:
2024-09-20 03:00:49.006394 (16723) main____ INFO      total physical memory  : 65801148 kB
2024-09-20 03:00:49.006402 (16723) main____ INFO      free physical memory   : 1535724 kB
2024-09-20 03:00:49.006410 (16723) main____ INFO      committed address space: 1145244 kB
2024-09-20 03:00:49.006416 (16723) main____ INFO    ----------------------------------------
2024-09-20 03:00:49.007033 (16723) main____ INFO    Important environment variables:
2024-09-20 03:00:49.007063 (16723) main____ INFO      CDS_LIC_FILE       : '5280@cadlic0'
2024-09-20 03:00:49.007075 (16723) main____ INFO      JASPER_INSTALL_DIR : '/cad/cadence/jasper_2023.12p001'
2024-09-20 03:00:49.007085 (16723) main____ INFO      JASPER_KERNEL_CHECK: '1'
2024-09-20 03:00:49.007095 (16723) main____ INFO      JASPER_OS_CHECK    : '1'
2024-09-20 03:00:49.007105 (16723) main____ INFO      LANG               : 'C.UTF-8'
2024-09-20 03:00:49.007112 (16723) main____ INFO    ----------------------------------------
2024-09-20 03:00:49.007894 (16723) lic_core INFO    Initializing license system ...
2024-09-20 03:00:49.009773 (16723) lic_core INFO    ... license system initialized.
2024-09-20 03:00:49.027115 (16723) lic__man INFO    Claim 'main' for <ui>.
2024-09-20 03:00:49.027210 (16723) lic_core INFO    (1) checking out 'jasper_interactive' ...
2024-09-20 03:00:49.039727 (16723) lic_core INFO    ... (1) checkout succeeded
2024-09-20 03:00:49.039794 (16723) lic__man INFO    Claim 'cov' for <ui>.
2024-09-20 03:00:49.039810 (16723) lic_core INFO    (2) checking out 'jasper_coverage' ...
2024-09-20 03:00:49.044716 (16723) lic_core INFO    ... (2) checkout failed (error: -5) ("FLEXnet ERROR(-5, 0, 0): No such feature exists.")
2024-09-20 03:00:49.044743 (16723) lic_core INFO    (3) checking out 'jasper_pcov' ...
2024-09-20 03:00:49.055705 (16723) lic_core INFO    ... (3) checkout succeeded
2024-09-20 03:00:49.056717 (16742) stdio___ INFO    Starting STDIN reader (tty: yes, tty name: '/dev/pts/0')
2024-09-20 03:00:49.056846 (16723) main____ INFO    Tool inactivity delay is 480000 ms.
2024-09-20 03:00:49.104174 (16723) session_ INFO    Starting analysis session with session id 'session_0' (launcher: <local>) ...
2024-09-20 03:00:49.105581 (16723) session_ INFO    Analysis session with session id 'session_0' started (pid: 16743)
2024-09-20 03:00:50.145478 (16723) session_ INFO    Analysis session 'session_0' connected to the console (host: 127.0.0.1:38128)
2024-09-20 03:00:50.716507 (16723) lic__man INFO    Unclaim everything for 'session_0'.
2024-09-20 03:00:50.786948 (16723) lic__man INFO    Claim 'fpv' for 'session_0'.
2024-09-20 03:00:50.786986 (16723) lic_core INFO    (4) checking out 'jasper_fpv' ...
2024-09-20 03:00:50.791993 (16723) lic_core INFO    ... (4) checkout failed (error: -5) ("FLEXnet ERROR(-5, 0, 0): No such feature exists.")
2024-09-20 03:00:50.792082 (16723) lic_core INFO    (5) checking out 'jasper_fao' ...
2024-09-20 03:00:50.803032 (16723) lic_core INFO    ... (5) checkout succeeded
2024-09-20 03:00:50.803068 (16723) lic__man INFO    Claim 'fpv' for 'session_0/prove-0'.
2024-09-20 03:00:50.977566 (16723) lic__man INFO    Unclaim everything for 'session_0/prove-0'.
2024-09-20 03:00:51.025831 (16723) main____ INFO    About to exit: request to exit with status 0 received from analysis session 'session_0'
2024-09-20 03:00:51.165997 (16723) session_ INFO    Analysis session 'session_0' disconnected.
2024-09-20 03:00:51.166178 (16723) lic__man INFO    Unclaim everything for 'session_0'.
2024-09-20 03:00:51.166466 (16723) session_ INFO    Process for analysis session 'session_0' has exited with exit status '0'.
2024-09-20 03:00:52.931495 (16742) stdio___ INFO    STDIN reader requested to stop.
2024-09-20 03:00:52.931523 (16742) stdio___ INFO    STDIN reader stopped.
2024-09-20 03:00:52.931806 (16723) lic_core INFO    (1) checkin jasper_interactive
2024-09-20 03:00:52.932763 (16723) lic_core INFO    (3) checkin jasper_pcov
2024-09-20 03:00:52.933331 (16723) lic_core INFO    (5) checkin jasper_fao
2024-09-20 03:00:52.934552 (16723) main____ INFO    Exiting with status 0.
